Started GET "/" for ::1 at 2024-05-15 05:36:52 +0900
Processing by Rails::WelcomeController#index as HTML
  Rendering C:/Ruby32-x64/lib/ruby/gems/3.2.0/gems/railties-7.0.8.1/lib/rails/templates/rails/welcome/index.html.erb
  Rendered C:/Ruby32-x64/lib/ruby/gems/3.2.0/gems/railties-7.0.8.1/lib/rails/templates/rails/welcome/index.html.erb (Duration: 26.0ms | Allocations: 694)
Completed 200 OK in 427ms (Views: 128.3ms | ActiveRecord: 0.0ms | Allocations: 8261)


Started GET "/" for ::1 at 2024-05-15 05:37:03 +0900
Processing by Rails::WelcomeController#index as HTML
  Rendering C:/Ruby32-x64/lib/ruby/gems/3.2.0/gems/railties-7.0.8.1/lib/rails/templates/rails/welcome/index.html.erb
  Rendered C:/Ruby32-x64/lib/ruby/gems/3.2.0/gems/railties-7.0.8.1/lib/rails/templates/rails/welcome/index.html.erb (Duration: 4.4ms | Allocations: 272)
Completed 200 OK in 25ms (Views: 10.7ms | ActiveRecord: 0.0ms | Allocations: 915)


Started GET "/rails/info" for ::1 at 2024-05-15 05:37:06 +0900
Processing by Rails::InfoController#index as HTML
Redirected to http://localhost:3000/rails/info/routes
Completed 302 Found in 11ms (ActiveRecord: 0.0ms | Allocations: 887)


Started GET "/rails/info/routes" for ::1 at 2024-05-15 05:37:07 +0900
Processing by Rails::InfoController#routes as HTML
  Rendering layout C:/Ruby32-x64/lib/ruby/gems/3.2.0/gems/railties-7.0.8.1/lib/rails/templates/layouts/application.html.erb
  Rendering C:/Ruby32-x64/lib/ruby/gems/3.2.0/gems/railties-7.0.8.1/lib/rails/templates/rails/info/routes.html.erb within layouts/application
  Rendered collection of C:/Ruby32-x64/lib/ruby/gems/3.2.0/gems/actionpack-7.0.8.1/lib/action_dispatch/middleware/templates/routes/_route.html.erb [31 times] (Duration: 67.0ms | Allocations: 5254)
  Rendered C:/Ruby32-x64/lib/ruby/gems/3.2.0/gems/actionpack-7.0.8.1/lib/action_dispatch/middleware/templates/routes/_table.html.erb (Duration: 171.7ms | Allocations: 1510)
  Rendered C:/Ruby32-x64/lib/ruby/gems/3.2.0/gems/railties-7.0.8.1/lib/rails/templates/rails/info/routes.html.erb within layouts/application (Duration: 289.8ms | Allocations: 10149)
  Rendered layout C:/Ruby32-x64/lib/ruby/gems/3.2.0/gems/railties-7.0.8.1/lib/rails/templates/layouts/application.html.erb (Duration: 321.2ms | Allocations: 10433)
Completed 200 OK in 355ms (Views: 336.4ms | ActiveRecord: 0.0ms | Allocations: 11294)


Started GET "/tops/index" for ::1 at 2024-05-15 05:37:18 +0900
Processing by TopsController#index as HTML
  Rendering layout layouts/application.html.erb
  Rendering tops/index.html.erb within layouts/application
  Rendered tops/index.html.erb within layouts/application (Duration: 3.0ms | Allocations: 107)
  Rendered layout layouts/application.html.erb (Duration: 1773.9ms | Allocations: 70196)
Completed 500 Internal Server Error in 1808ms (ActiveRecord: 0.0ms | Allocations: 71095)


  
ActionView::Template::Error (Permission denied @ rb_file_s_rename - (C:/Users/srfiv/JoyfulJournal/joyful_journal_app/tmp/cache/assets/sprockets/v4.0.0/ak/akb973eHff7ZGgENIgDEED1hFZX6ea7SD3XgpG4L6Qw.cache.21760.11168.241962, C:/Users/srfiv/JoyfulJournal/joyful_journal_app/tmp/cache/assets/sprockets/v4.0.0/ak/akb973eHff7ZGgENIgDEED1hFZX6ea7SD3XgpG4L6Qw.cache)):
  
sprockets (4.2.1) lib/sprockets/path_utils.rb:362:in `rename'
sprockets (4.2.1) lib/sprockets/path_utils.rb:362:in `atomic_write'
sprockets (4.2.1) lib/sprockets/cache/file_store.rb:112:in `set'
sprockets (4.2.1) lib/sprockets/cache.rb:227:in `set'
sprockets (4.2.1) lib/sprockets/cache.rb:143:in `set'
sprockets (4.2.1) lib/sprockets/loader.rb:265:in `store_asset'
sprockets (4.2.1) lib/sprockets/loader.rb:228:in `load_from_unloaded'
sprockets (4.2.1) lib/sprockets/loader.rb:59:in `block in load'
sprockets (4.2.1) lib/sprockets/loader.rb:339:in `fetch_asset_from_dependency_cache'
sprockets (4.2.1) lib/sprockets/loader.rb:43:in `load'
sprockets (4.2.1) lib/sprockets/cached_environment.rb:44:in `block in load'
concurrent-ruby (1.2.3) lib/concurrent-ruby/concurrent/map.rb:207:in `block in fetch_or_store'
concurrent-ruby (1.2.3) lib/concurrent-ruby/concurrent/map.rb:187:in `fetch'
concurrent-ruby (1.2.3) lib/concurrent-ruby/concurrent/map.rb:206:in `fetch_or_store'
sprockets (4.2.1) lib/sprockets/cached_environment.rb:44:in `load'
sprockets (4.2.1) lib/sprockets/context.rb:117:in `load'
sprockets (4.2.1) lib/sprockets/context.rb:145:in `depend_on_asset'
sprockets (4.2.1) lib/sprockets/context.rb:185:in `link_asset'
sprockets-rails (3.4.2) lib/sprockets/rails/context.rb:27:in `compute_asset_path'
actionview (7.0.8.1) lib/action_view/helpers/asset_url_helper.rb:203:in `asset_path'
sprockets-rails (3.4.2) lib/sprockets/rails/sourcemapping_url_processor.rb:41:in `sourcemap_asset_path'
sprockets-rails (3.4.2) lib/sprockets/rails/sourcemapping_url_processor.rb:34:in `resolved_sourcemap_comment'
sprockets-rails (3.4.2) lib/sprockets/rails/sourcemapping_url_processor.rb:15:in `block in call'
sprockets-rails (3.4.2) lib/sprockets/rails/sourcemapping_url_processor.rb:11:in `gsub'
sprockets-rails (3.4.2) lib/sprockets/rails/sourcemapping_url_processor.rb:11:in `call'
sprockets (4.2.1) lib/sprockets/processor_utils.rb:84:in `call_processor'
sprockets (4.2.1) lib/sprockets/processor_utils.rb:66:in `block in call_processors'
sprockets (4.2.1) lib/sprockets/processor_utils.rb:65:in `reverse_each'
sprockets (4.2.1) lib/sprockets/processor_utils.rb:65:in `call_processors'
sprockets (4.2.1) lib/sprockets/loader.rb:184:in `load_from_unloaded'
sprockets (4.2.1) lib/sprockets/loader.rb:59:in `block in load'
sprockets (4.2.1) lib/sprockets/loader.rb:339:in `fetch_asset_from_dependency_cache'
sprockets (4.2.1) lib/sprockets/loader.rb:43:in `load'
sprockets (4.2.1) lib/sprockets/cached_environment.rb:44:in `block in load'
concurrent-ruby (1.2.3) lib/concurrent-ruby/concurrent/map.rb:207:in `block in fetch_or_store'
concurrent-ruby (1.2.3) lib/concurrent-ruby/concurrent/map.rb:187:in `fetch'
concurrent-ruby (1.2.3) lib/concurrent-ruby/concurrent/map.rb:206:in `fetch_or_store'
sprockets (4.2.1) lib/sprockets/cached_environment.rb:44:in `load'
sprockets (4.2.1) lib/sprockets/bundle.rb:27:in `call'
sprockets (4.2.1) lib/sprockets/processor_utils.rb:84:in `call_processor'
sprockets (4.2.1) lib/sprockets/processor_utils.rb:66:in `block in call_processors'
sprockets (4.2.1) lib/sprockets/processor_utils.rb:65:in `reverse_each'
sprockets (4.2.1) lib/sprockets/processor_utils.rb:65:in `call_processors'
sprockets (4.2.1) lib/sprockets/loader.rb:184:in `load_from_unloaded'
sprockets (4.2.1) lib/sprockets/loader.rb:59:in `block in load'
sprockets (4.2.1) lib/sprockets/loader.rb:339:in `fetch_asset_from_dependency_cache'
sprockets (4.2.1) lib/sprockets/loader.rb:43:in `load'
sprockets (4.2.1) lib/sprockets/cached_environment.rb:44:in `block in load'
concurrent-ruby (1.2.3) lib/concurrent-ruby/concurrent/map.rb:207:in `block in fetch_or_store'
concurrent-ruby (1.2.3) lib/concurrent-ruby/concurrent/map.rb:187:in `fetch'
concurrent-ruby (1.2.3) lib/concurrent-ruby/concurrent/map.rb:206:in `fetch_or_store'
sprockets (4.2.1) lib/sprockets/cached_environment.rb:44:in `load'
sprockets (4.2.1) lib/sprockets/base.rb:81:in `find_asset'
sprockets (4.2.1) lib/sprockets/base.rb:88:in `find_all_linked_assets'
sprockets (4.2.1) lib/sprockets/manifest.rb:125:in `each'
sprockets (4.2.1) lib/sprockets/manifest.rb:125:in `to_a'
sprockets (4.2.1) lib/sprockets/manifest.rb:125:in `block (2 levels) in find'
concurrent-ruby (1.2.3) lib/concurrent-ruby/concurrent/executor/safe_task_executor.rb:24:in `block in execute'
concurrent-ruby (1.2.3) lib/concurrent-ruby/concurrent/synchronization/mutex_lockable_object.rb:48:in `block in synchronize'
concurrent-ruby (1.2.3) lib/concurrent-ruby/concurrent/synchronization/mutex_lockable_object.rb:48:in `synchronize'
concurrent-ruby (1.2.3) lib/concurrent-ruby/concurrent/synchronization/mutex_lockable_object.rb:48:in `synchronize'
concurrent-ruby (1.2.3) lib/concurrent-ruby/concurrent/executor/safe_task_executor.rb:22:in `execute'
concurrent-ruby (1.2.3) lib/concurrent-ruby/concurrent/promise.rb:564:in `block in realize'
concurrent-ruby (1.2.3) lib/concurrent-ruby/concurrent/executor/ruby_thread_pool_executor.rb:359:in `run_task'
concurrent-ruby (1.2.3) lib/concurrent-ruby/concurrent/executor/ruby_thread_pool_executor.rb:350:in `block (3 levels) in create_worker'
concurrent-ruby (1.2.3) lib/concurrent-ruby/concurrent/executor/ruby_thread_pool_executor.rb:341:in `loop'
concurrent-ruby (1.2.3) lib/concurrent-ruby/concurrent/executor/ruby_thread_pool_executor.rb:341:in `block (2 levels) in create_worker'
concurrent-ruby (1.2.3) lib/concurrent-ruby/concurrent/executor/ruby_thread_pool_executor.rb:340:in `catch'
concurrent-ruby (1.2.3) lib/concurrent-ruby/concurrent/executor/ruby_thread_pool_executor.rb:340:in `block in create_worker'
Started GET "/" for ::1 at 2024-05-15 05:40:26 +0900
Processing by Rails::WelcomeController#index as HTML
  Rendering C:/Ruby32-x64/lib/ruby/gems/3.2.0/gems/railties-7.0.8.1/lib/rails/templates/rails/welcome/index.html.erb
  Rendered C:/Ruby32-x64/lib/ruby/gems/3.2.0/gems/railties-7.0.8.1/lib/rails/templates/rails/welcome/index.html.erb (Duration: 22.6ms | Allocations: 694)
Completed 200 OK in 371ms (Views: 101.6ms | ActiveRecord: 0.0ms | Allocations: 8258)


Started GET "/tops/index" for ::1 at 2024-05-15 05:40:37 +0900
Processing by TopsController#index as HTML
  Rendering layout layouts/application.html.erb
  Rendering tops/index.html.erb within layouts/application
  Rendered tops/index.html.erb within layouts/application (Duration: 2.1ms | Allocations: 109)
  Rendered layout layouts/application.html.erb (Duration: 1703.4ms | Allocations: 87912)
Completed 200 OK in 1753ms (Views: 1738.1ms | ActiveRecord: 0.0ms | Allocations: 88896)


Started GET "/tops/index" for ::1 at 2024-05-15 05:41:48 +0900
Processing by TopsController#index as HTML
  Rendering layout layouts/application.html.erb
  Rendering tops/index.html.erb within layouts/application
  Rendered tops/index.html.erb within layouts/application (Duration: 16.7ms | Allocations: 118)
  Rendered layout layouts/application.html.erb (Duration: 56.0ms | Allocations: 1911)
Completed 200 OK in 77ms (Views: 70.0ms | ActiveRecord: 0.0ms | Allocations: 2739)


Started GET "/tops/index" for ::1 at 2024-05-15 05:43:38 +0900
Processing by TopsController#index as HTML
  Rendering layout layouts/application.html.erb
  Rendering tops/index.html.erb within layouts/application
  Rendered tops/index.html.erb within layouts/application (Duration: 12.2ms | Allocations: 109)
  Rendered layout layouts/application.html.erb (Duration: 23.0ms | Allocations: 1878)
Completed 200 OK in 47ms (Views: 36.6ms | ActiveRecord: 0.0ms | Allocations: 2704)


Started GET "/" for ::1 at 2024-05-15 05:43:40 +0900
Processing by Rails::WelcomeController#index as HTML
  Rendering C:/Ruby32-x64/lib/ruby/gems/3.2.0/gems/railties-7.0.8.1/lib/rails/templates/rails/welcome/index.html.erb
  Rendered C:/Ruby32-x64/lib/ruby/gems/3.2.0/gems/railties-7.0.8.1/lib/rails/templates/rails/welcome/index.html.erb (Duration: 1.9ms | Allocations: 270)
Completed 200 OK in 9ms (Views: 4.0ms | ActiveRecord: 0.0ms | Allocations: 849)


Started GET "/" for ::1 at 2024-05-15 05:43:40 +0900
Processing by Rails::WelcomeController#index as HTML
  Rendering C:/Ruby32-x64/lib/ruby/gems/3.2.0/gems/railties-7.0.8.1/lib/rails/templates/rails/welcome/index.html.erb
  Rendered C:/Ruby32-x64/lib/ruby/gems/3.2.0/gems/railties-7.0.8.1/lib/rails/templates/rails/welcome/index.html.erb (Duration: 0.1ms | Allocations: 13)
Completed 200 OK in 14ms (Views: 4.4ms | ActiveRecord: 0.0ms | Allocations: 227)


Started GET "/" for ::1 at 2024-05-15 05:44:40 +0900
Processing by TopsController#index as HTML
  Rendering layout layouts/application.html.erb
  Rendering tops/index.html.erb within layouts/application
  Rendered tops/index.html.erb within layouts/application (Duration: 0.4ms | Allocations: 10)
  Rendered layout layouts/application.html.erb (Duration: 115.2ms | Allocations: 14937)
Completed 200 OK in 129ms (Views: 120.1ms | ActiveRecord: 0.0ms | Allocations: 15482)


Started GET "/" for ::1 at 2024-05-15 05:44:47 +0900
Processing by TopsController#index as HTML
  Rendering layout layouts/application.html.erb
  Rendering tops/index.html.erb within layouts/application
  Rendered tops/index.html.erb within layouts/application (Duration: 0.1ms | Allocations: 7)
  Rendered layout layouts/application.html.erb (Duration: 19.1ms | Allocations: 1518)
Completed 200 OK in 31ms (Views: 23.1ms | ActiveRecord: 0.0ms | Allocations: 1802)


Started GET "/" for ::1 at 2024-05-15 05:45:27 +0900
Processing by TopsController#index as HTML
  Rendering layout layouts/application.html.erb
  Rendering tops/index.html.erb within layouts/application
  Rendered tops/index.html.erb within layouts/application (Duration: 16.1ms | Allocations: 114)
  Rendered layout layouts/application.html.erb (Duration: 26.4ms | Allocations: 1880)
Completed 200 OK in 41ms (Views: 33.7ms | ActiveRecord: 0.0ms | Allocations: 2708)


